{
  "RSpec": {
    "coverage": {
      "/Users/margaretwilliford/turing/3module/rep_check/config/environment.rb": [
        null,
        1,
        null,
        null,
        1
      ],
      "/Users/margaretwilliford/turing/3module/rep_check/config/application.rb": [
        1,
        null,
        1,
        null,
        1,
        1,
        1,
        1,
        1,
        1,
        1,
        1,
        null,
        null,
        null,
        null,
        1,
        null,
        1,
        1,
        null,
        1,
        null,
        null,
        null,
        null,
        null,
        null,
        1,
        null,
        null
      ],
      "/Users/margaretwilliford/turing/3module/rep_check/config/boot.rb": [
        1,
        null,
        1
      ],
      "/Users/margaretwilliford/turing/3module/rep_check/config/environments/test.rb": [
        1,
        null,
        null,
        null,
        null,
        null,
        null,
        1,
        null,
        null,
        null,
        null,
        1,
        null,
        null,
        1,
        1,
        null,
        null,
        null,
        null,
        1,
        1,
        null,
        null,
        1,
        null,
        null,
        1,
        1,
        null,
        null,
        null,
        null,
        1,
        null,
        null,
        1,
        null,
        null,
        null,
        null
      ],
      "/Users/margaretwilliford/turing/3module/rep_check/config/initializers/application_controller_renderer.rb": [
        null,
        null,
        null,
        null,
        null,
        null,
        null,
        null
      ],
      "/Users/margaretwilliford/turing/3module/rep_check/config/initializers/assets.rb": [
        null,
        null,
        null,
        1,
        null,
        null,
        null,
        null,
        1,
        null,
        null,
        null,
        null,
        null
      ],
      "/Users/margaretwilliford/turing/3module/rep_check/config/initializers/backtrace_silencers.rb": [
        null,
        null,
        null,
        null,
        null,
        null,
        null
      ],
      "/Users/margaretwilliford/turing/3module/rep_check/config/initializers/cookies_serializer.rb": [
        null,
        null,
        null,
        null,
        1
      ],
      "/Users/margaretwilliford/turing/3module/rep_check/config/initializers/filter_parameter_logging.rb": [
        null,
        null,
        null,
        1
      ],
      "/Users/margaretwilliford/turing/3module/rep_check/config/initializers/inflections.rb": [
        null,
        null,
        null,
        null,
        null,
        null,
        null,
        null,
        null,
        null,
        null,
        null,
        null,
        null,
        null,
        null
      ],
      "/Users/margaretwilliford/turing/3module/rep_check/config/initializers/mime_types.rb": [
        null,
        null,
        null,
        null
      ],
      "/Users/margaretwilliford/turing/3module/rep_check/config/initializers/wrap_parameters.rb": [
        null,
        null,
        null,
        null,
        null,
        null,
        1,
        2,
        null,
        null,
        null,
        null,
        null,
        null
      ],
      "/Users/margaretwilliford/turing/3module/rep_check/config/routes.rb": [
        1,
        null,
        1,
        null,
        1,
        1,
        null
      ],
      "/Users/margaretwilliford/turing/3module/rep_check/app/helpers/application_helper.rb": [
        1,
        null
      ],
      "/Users/margaretwilliford/turing/3module/rep_check/spec/models/representative_spec.rb": [
        1,
        null,
        1,
        1,
        1,
        1,
        null,
        1,
        1,
        1,
        1,
        1,
        1,
        1,
        1,
        1,
        null,
        null,
        1,
        1,
        1,
        1,
        1,
        1,
        1,
        1,
        1,
        null,
        null,
        null
      ],
      "/Users/margaretwilliford/turing/3module/rep_check/app/models/representative.rb": [
        1,
        1,
        1,
        7,
        null,
        null,
        1,
        9,
        null,
        1,
        7,
        6,
        1,
        1,
        null,
        0,
        null,
        null,
        1,
        7,
        null,
        1,
        7,
        null,
        null,
        1,
        5,
        null,
        null,
        1,
        5,
        null,
        null,
        1,
        null,
        1,
        41,
        null,
        null
      ],
      "/Users/margaretwilliford/turing/3module/rep_check/spec/services/propublica_service_spec.rb": [
        1,
        null,
        1,
        1,
        1,
        1,
        1,
        1,
        null,
        1,
        1,
        1,
        null,
        null,
        null,
        null,
        null
      ],
      "/Users/margaretwilliford/turing/3module/rep_check/app/services/propublica_service.rb": [
        1,
        null,
        1,
        7,
        7,
        7,
        7,
        7,
        null,
        null,
        null,
        1,
        9,
        null,
        null,
        1,
        8,
        null,
        null,
        1,
        7,
        null,
        null,
        1,
        7,
        null,
        null,
        1,
        5,
        null,
        null,
        1,
        5,
        null,
        null,
        1,
        10,
        null,
        null,
        1,
        42,
        null,
        null,
        1,
        52,
        52,
        null,
        null,
        1,
        1,
        null,
        null,
        1,
        1,
        null
      ],
      "/Users/margaretwilliford/turing/3module/rep_check/app/controllers/representatives_controller.rb": [
        1,
        1,
        2,
        null,
        null
      ],
      "/Users/margaretwilliford/turing/3module/rep_check/app/controllers/application_controller.rb": [
        1,
        1,
        null
      ]
    },
    "timestamp": 1527535477
  }
}
